
///////////////////////////////////
// Efinity Synthesis Started 
// Sep 23, 2024 22:02:08
///////////////////////////////////


///////////////////////////////////
// Efinity Synthesis Started 
// Sep 23, 2024 22:02:18
///////////////////////////////////


///////////////////////////////////
// Efinity Synthesis Started 
// Oct 21, 2024 20:42:30
///////////////////////////////////


///////////////////////////////////
// Efinity Synthesis Started 
// Oct 21, 2024 20:42:41
///////////////////////////////////


///////////////////////////////////
// Efinity Synthesis Started 
// Oct 21, 2024 20:53:58
///////////////////////////////////


///////////////////////////////////
// Efinity Synthesis Started 
// Oct 21, 2024 20:54:09
///////////////////////////////////


///////////////////////////////////
// Efinity Synthesis Started 
// Oct 21, 2024 21:01:17
///////////////////////////////////


///////////////////////////////////
// Efinity Synthesis Started 
// Oct 21, 2024 21:01:28
///////////////////////////////////


///////////////////////////////////
// Efinity Synthesis Started 
// Oct 21, 2024 21:09:08
///////////////////////////////////


///////////////////////////////////
// Efinity Synthesis Started 
// Oct 21, 2024 21:09:18
///////////////////////////////////


///////////////////////////////////
// Efinity Synthesis Started 
// Oct 21, 2024 21:29:50
///////////////////////////////////


///////////////////////////////////
// Efinity Synthesis Started 
// Oct 21, 2024 21:30:01
///////////////////////////////////


///////////////////////////////////
// Efinity Synthesis Started 
// Oct 21, 2024 21:39:11
///////////////////////////////////


///////////////////////////////////
// Efinity Synthesis Started 
// Oct 21, 2024 21:39:22
///////////////////////////////////


///////////////////////////////////
// Efinity Synthesis Started 
// Oct 21, 2024 21:50:47
///////////////////////////////////


///////////////////////////////////
// Efinity Synthesis Started 
// Oct 21, 2024 21:50:58
///////////////////////////////////


///////////////////////////////////
// Efinity Synthesis Started 
// Oct 21, 2024 22:54:22
///////////////////////////////////


///////////////////////////////////
// Efinity Synthesis Started 
// Oct 21, 2024 22:54:33
///////////////////////////////////


///////////////////////////////////
// Efinity Synthesis Started 
// Oct 21, 2024 23:03:46
///////////////////////////////////


///////////////////////////////////
// Efinity Synthesis Started 
// Oct 21, 2024 23:03:56
///////////////////////////////////


///////////////////////////////////
// Efinity Synthesis Started 
// Oct 21, 2024 23:19:38
///////////////////////////////////


///////////////////////////////////
// Efinity Synthesis Started 
// Oct 21, 2024 23:19:48
///////////////////////////////////


///////////////////////////////////
// Efinity Synthesis Started 
// Oct 21, 2024 23:34:49
///////////////////////////////////


///////////////////////////////////
// Efinity Synthesis Started 
// Oct 21, 2024 23:34:59
///////////////////////////////////


///////////////////////////////////
// Efinity Synthesis Started 
// Oct 21, 2024 23:44:08
///////////////////////////////////


///////////////////////////////////
// Efinity Synthesis Started 
// Oct 21, 2024 23:44:19
///////////////////////////////////


///////////////////////////////////
// Efinity Synthesis Started 
// Oct 22, 2024 21:26:29
///////////////////////////////////


///////////////////////////////////
// Efinity Synthesis Started 
// Oct 22, 2024 21:26:40
///////////////////////////////////


///////////////////////////////////
// Efinity Synthesis Started 
// Oct 22, 2024 22:45:03
///////////////////////////////////


///////////////////////////////////
// Efinity Synthesis Started 
// Oct 22, 2024 22:45:14
///////////////////////////////////


///////////////////////////////////
// Efinity Synthesis Started 
// Oct 22, 2024 22:53:36
///////////////////////////////////


///////////////////////////////////
// Efinity Synthesis Started 
// Oct 22, 2024 22:53:47
///////////////////////////////////


///////////////////////////////////
// Efinity Synthesis Started 
// Oct 22, 2024 23:02:26
///////////////////////////////////


///////////////////////////////////
// Efinity Synthesis Started 
// Oct 22, 2024 23:02:37
///////////////////////////////////


///////////////////////////////////
// Efinity Synthesis Started 
// Oct 22, 2024 23:17:16
///////////////////////////////////


///////////////////////////////////
// Efinity Synthesis Started 
// Oct 22, 2024 23:17:39
///////////////////////////////////


///////////////////////////////////
// Efinity Synthesis Started 
// Oct 22, 2024 23:33:25
///////////////////////////////////


///////////////////////////////////
// Efinity Synthesis Started 
// Oct 22, 2024 23:33:36
///////////////////////////////////


///////////////////////////////////
// Efinity Synthesis Started 
// Oct 22, 2024 23:41:29
///////////////////////////////////


///////////////////////////////////
// Efinity Synthesis Started 
// Oct 22, 2024 23:41:41
///////////////////////////////////


///////////////////////////////////
// Efinity Synthesis Started 
// Oct 22, 2024 23:55:00
///////////////////////////////////


///////////////////////////////////
// Efinity Synthesis Started 
// Oct 22, 2024 23:55:11
///////////////////////////////////


///////////////////////////////////
// Efinity Synthesis Started 
// Oct 23, 2024 15:12:51
///////////////////////////////////


///////////////////////////////////
// Efinity Synthesis Started 
// Oct 23, 2024 15:13:02
///////////////////////////////////


///////////////////////////////////
// Efinity Synthesis Started 
// Oct 23, 2024 15:21:17
///////////////////////////////////


///////////////////////////////////
// Efinity Synthesis Started 
// Oct 23, 2024 15:21:28
///////////////////////////////////


///////////////////////////////////
// Efinity Synthesis Started 
// Oct 23, 2024 15:28:25
///////////////////////////////////


///////////////////////////////////
// Efinity Synthesis Started 
// Oct 23, 2024 15:28:35
///////////////////////////////////


///////////////////////////////////
// Efinity Synthesis Started 
// Oct 23, 2024 15:34:29
///////////////////////////////////


///////////////////////////////////
// Efinity Synthesis Started 
// Oct 23, 2024 15:35:22
///////////////////////////////////


///////////////////////////////////
// Efinity Synthesis Started 
// Oct 23, 2024 15:35:33
///////////////////////////////////


///////////////////////////////////
// Efinity Synthesis Started 
// Oct 23, 2024 15:42:18
///////////////////////////////////


///////////////////////////////////
// Efinity Synthesis Started 
// Oct 23, 2024 15:42:29
///////////////////////////////////


///////////////////////////////////
// Efinity Synthesis Started 
// Oct 23, 2024 15:50:40
///////////////////////////////////


///////////////////////////////////
// Efinity Synthesis Started 
// Oct 23, 2024 15:50:51
///////////////////////////////////


///////////////////////////////////
// Efinity Synthesis Started 
// Oct 23, 2024 15:58:20
///////////////////////////////////


///////////////////////////////////
// Efinity Synthesis Started 
// Oct 23, 2024 15:58:31
///////////////////////////////////


///////////////////////////////////
// Efinity Synthesis Started 
// Oct 23, 2024 16:11:53
///////////////////////////////////


///////////////////////////////////
// Efinity Synthesis Started 
// Oct 23, 2024 16:12:04
///////////////////////////////////


///////////////////////////////////
// Efinity Synthesis Started 
// Oct 23, 2024 16:17:28
///////////////////////////////////


///////////////////////////////////
// Efinity Synthesis Started 
// Oct 23, 2024 16:17:38
///////////////////////////////////


///////////////////////////////////
// Efinity Synthesis Started 
// Nov 19, 2024 19:57:37
///////////////////////////////////


///////////////////////////////////
// Efinity Synthesis Started 
// Nov 19, 2024 19:57:48
///////////////////////////////////


///////////////////////////////////
// Efinity Synthesis Started 
// Nov 19, 2024 20:01:52
///////////////////////////////////


///////////////////////////////////
// Efinity Synthesis Started 
// Nov 19, 2024 20:02:03
///////////////////////////////////


///////////////////////////////////
// Efinity Synthesis Started 
// Nov 19, 2024 20:05:03
///////////////////////////////////


///////////////////////////////////
// Efinity Synthesis Started 
// Nov 19, 2024 20:05:14
///////////////////////////////////


///////////////////////////////////
// Efinity Synthesis Started 
// Nov 19, 2024 20:07:56
///////////////////////////////////


///////////////////////////////////
// Efinity Synthesis Started 
// Nov 19, 2024 20:08:08
///////////////////////////////////


///////////////////////////////////
// Efinity Synthesis Started 
// Nov 19, 2024 20:54:33
///////////////////////////////////


///////////////////////////////////
// Efinity Synthesis Started 
// Nov 19, 2024 20:54:49
///////////////////////////////////


///////////////////////////////////
// Efinity Synthesis Started 
// Nov 19, 2024 20:57:36
///////////////////////////////////


///////////////////////////////////
// Efinity Synthesis Started 
// Nov 19, 2024 20:57:52
///////////////////////////////////


///////////////////////////////////
// Efinity Synthesis Started 
// Nov 19, 2024 21:00:56
///////////////////////////////////


///////////////////////////////////
// Efinity Synthesis Started 
// Nov 19, 2024 21:01:09
///////////////////////////////////


///////////////////////////////////
// Efinity Synthesis Started 
// Nov 19, 2024 21:11:06
///////////////////////////////////


///////////////////////////////////
// Efinity Synthesis Started 
// Nov 19, 2024 21:11:17
///////////////////////////////////


///////////////////////////////////
// Efinity Synthesis Started 
// Nov 19, 2024 21:52:49
///////////////////////////////////


///////////////////////////////////
// Efinity Synthesis Started 
// Nov 19, 2024 21:53:00
///////////////////////////////////


///////////////////////////////////
// Efinity Synthesis Started 
// Nov 23, 2024 16:55:10
///////////////////////////////////


///////////////////////////////////
// Efinity Synthesis Started 
// Nov 23, 2024 16:55:21
///////////////////////////////////


///////////////////////////////////
// Efinity Synthesis Started 
// Nov 23, 2024 17:13:28
///////////////////////////////////


///////////////////////////////////
// Efinity Synthesis Started 
// Nov 23, 2024 17:13:43
///////////////////////////////////


///////////////////////////////////
// Efinity Synthesis Started 
// Nov 23, 2024 17:44:19
///////////////////////////////////


///////////////////////////////////
// Efinity Synthesis Started 
// Nov 23, 2024 17:44:31
///////////////////////////////////

