
Efinix FPGA Placement and Routing.
Version: 2023.2.307 
Date: Mon Oct 07 15:26:20 2024

Copyright (C) 2013 - 2023 Efinix, Inc. All rights reserved.
 
Family: Titanium 
Device: Ti60F225
Top-level Entity Name: Bilinear_interpolation_prj


---------- GBUFCE Assignments (begin) ----------


+-----------------+----------+----------+
|    Clock Net    | GBUFCE_X | GBUFCE_Y |
+-----------------+----------+----------+
| biliner_clk_in  |    1     |   163    |
| biliner_clk_out |    1     |   159    |
| hdmi_pix_clk_i  |    1     |   165    |
|   sys_clk_24M   |   106    |   322    |
|   sys_clk_96M   |    1     |   162    |
+-----------------+----------+----------+


----------- GBUFCE Assignments (end) ----------


Elapsed time for routing: 0 hours 0 minutes 17 seconds
Elapsed time for entire flow: 0 hours 1 minutes 22 seconds
